<?xml version="1.0" encoding="UTF-8"?>
<!-- Generated by org.testng.reporters.JUnitReportReporter -->
<testsuite skipped="0" hostname="asda0101" name="com.qait.automation.parallelone.NewTest2" tests="1" failures="0" timestamp="12 Jul 2018 08:36:06 GMT" time="1.887" errors="0">
  <testcase name="testinvalidlogin" time="1.887" classname="com.qait.automation.parallelone.NewTest2"/>
</testsuite> <!-- com.qait.automation.parallelone.NewTest2 -->
